<?xml version="1.0" encoding="windows-1252" standalone="no"?>
<!DOCTYPE log SYSTEM "logger.dtd">
<log>
<record>
  <date>2016-12-06T14:45:30</date>
  <millis>1481015730980</millis>
  <sequence>5</sequence>
  <logger>ESPlorer.ESPlorer</logger>
  <level>INFO</level>
  <class>ESPlorer.ESPlorer</class>
  <method>log</method>
  <thread>24</thread>
  <message>Load saved settings: Firmware:NodeMCU</message>
</record>
<record>
  <date>2016-12-06T14:45:31</date>
  <millis>1481015731045</millis>
  <sequence>6</sequence>
  <logger>ESPlorer.ESPlorer</logger>
  <level>INFO</level>
  <class>ESPlorer.ESPlorer</class>
  <method>log</method>
  <thread>24</thread>
  <message>Snippets: loading...</message>
</record>
<record>
  <date>2016-12-06T14:45:31</date>
  <millis>1481015731053</millis>
  <sequence>7</sequence>
  <logger>ESPlorer.ESPlorer</logger>
  <level>INFO</level>
  <class>ESPlorer.ESPlorer</class>
  <method>log</method>
  <thread>24</thread>
  <message>Snippets load: Success.</message>
</record>
<record>
  <date>2016-12-06T14:45:31</date>
  <millis>1481015731667</millis>
  <sequence>8</sequence>
  <logger>ESPlorer.ESPlorer</logger>
  <level>INFO</level>
  <class>ESPlorer.ESPlorer</class>
  <method>log</method>
  <thread>24</thread>
  <message>Set new color theme: Success.</message>
</record>
<record>
  <date>2016-12-06T14:45:31</date>
  <millis>1481015731674</millis>
  <sequence>9</sequence>
  <logger>ESPlorer.ESPlorer</logger>
  <level>INFO</level>
  <class>ESPlorer.ESPlorer</class>
  <method>log</method>
  <thread>24</thread>
  <message>Load saved settings: DONE.</message>
</record>
<record>
  <date>2016-12-06T14:45:31</date>
  <millis>1481015731676</millis>
  <sequence>10</sequence>
  <logger>ESPlorer.ESPlorer</logger>
  <level>INFO</level>
  <class>ESPlorer.ESPlorer</class>
  <method>log</method>
  <thread>24</thread>
  <message>Snippets: loading...</message>
</record>
<record>
  <date>2016-12-06T14:45:31</date>
  <millis>1481015731680</millis>
  <sequence>11</sequence>
  <logger>ESPlorer.ESPlorer</logger>
  <level>INFO</level>
  <class>ESPlorer.ESPlorer</class>
  <method>log</method>
  <thread>24</thread>
  <message>Snippets load: Success.</message>
</record>
<record>
  <date>2016-12-06T14:45:32</date>
  <millis>1481015732789</millis>
  <sequence>12</sequence>
  <logger>ESPlorer.ESPlorer</logger>
  <level>INFO</level>
  <class>ESPlorer.ESPlorer</class>
  <method>log</method>
  <thread>24</thread>
  <message>Scan system...</message>
</record>
<record>
  <date>2016-12-06T14:45:32</date>
  <millis>1481015732834</millis>
  <sequence>13</sequence>
  <logger>ESPlorer.ESPlorer</logger>
  <level>INFO</level>
  <class>ESPlorer.ESPlorer</class>
  <method>log</method>
  <thread>24</thread>
  <message>found COM1</message>
</record>
<record>
  <date>2016-12-06T14:45:32</date>
  <millis>1481015732836</millis>
  <sequence>14</sequence>
  <logger>ESPlorer.ESPlorer</logger>
  <level>INFO</level>
  <class>ESPlorer.ESPlorer</class>
  <method>log</method>
  <thread>24</thread>
  <message>Scan done.</message>
</record>
<record>
  <date>2016-12-06T14:45:49</date>
  <millis>1481015749372</millis>
  <sequence>15</sequence>
  <logger>ESPlorer.ESPlorer</logger>
  <level>INFO</level>
  <class>ESPlorer.ESPlorer</class>
  <method>log</method>
  <thread>24</thread>
  <message>DataSender: Serial port not open, operation FAILED.</message>
</record>
<record>
  <date>2016-12-06T14:45:50</date>
  <millis>1481015750308</millis>
  <sequence>16</sequence>
  <logger>ESPlorer.ESPlorer</logger>
  <level>INFO</level>
  <class>ESPlorer.ESPlorer</class>
  <method>log</method>
  <thread>24</thread>
  <message>DataSender: Serial port not open, operation FAILED.</message>
</record>
<record>
  <date>2016-12-06T14:45:50</date>
  <millis>1481015750788</millis>
  <sequence>17</sequence>
  <logger>ESPlorer.ESPlorer</logger>
  <level>INFO</level>
  <class>ESPlorer.ESPlorer</class>
  <method>log</method>
  <thread>24</thread>
  <message>DataSender: Serial port not open, operation FAILED.</message>
</record>
<record>
  <date>2016-12-06T14:45:51</date>
  <millis>1481015751212</millis>
  <sequence>18</sequence>
  <logger>ESPlorer.ESPlorer</logger>
  <level>INFO</level>
  <class>ESPlorer.ESPlorer</class>
  <method>log</method>
  <thread>24</thread>
  <message>DataSender: Serial port not open, operation FAILED.</message>
</record>
<record>
  <date>2016-12-06T14:45:57</date>
  <millis>1481015757350</millis>
  <sequence>19</sequence>
  <logger>ESPlorer.ESPlorer</logger>
  <level>INFO</level>
  <class>ESPlorer.ESPlorer</class>
  <method>log</method>
  <thread>24</thread>
  <message>FileTab cleared: Success.</message>
</record>
<record>
  <date>2016-12-06T14:45:57</date>
  <millis>1481015757352</millis>
  <sequence>20</sequence>
  <logger>ESPlorer.ESPlorer</logger>
  <level>INFO</level>
  <class>ESPlorer.ESPlorer</class>
  <method>log</method>
  <thread>24</thread>
  <message>File close: Success.</message>
</record>
</log>
